{"D:\\apps\\hackathon\\seatSelection\\src\\controllers\\seatController.js": {"path":"D:\\apps\\hackathon\\seatSelection\\src\\controllers\\seatController.js","statementMap":{"0":{"start":{"line":1,"column":59},"end":{"line":1,"column":93}},"1":{"start":{"line":3,"column":23},"end":{"line":42,"column":1}},"2":{"start":{"line":5,"column":28},"end":{"line":5,"column":38}},"3":{"start":{"line":6,"column":8},"end":{"line":12,"column":9}},"4":{"start":{"line":7,"column":26},"end":{"line":7,"column":58}},"5":{"start":{"line":8,"column":12},"end":{"line":8,"column":28}},"6":{"start":{"line":10,"column":12},"end":{"line":10,"column":68}},"7":{"start":{"line":11,"column":12},"end":{"line":11,"column":71}},"8":{"start":{"line":16,"column":61},"end":{"line":16,"column":69}},"9":{"start":{"line":17,"column":8},"end":{"line":26,"column":9}},"10":{"start":{"line":18,"column":27},"end":{"line":18,"column":86}},"11":{"start":{"line":19,"column":12},"end":{"line":21,"column":13}},"12":{"start":{"line":20,"column":16},"end":{"line":20,"column":40}},"13":{"start":{"line":22,"column":12},"end":{"line":22,"column":41}},"14":{"start":{"line":24,"column":12},"end":{"line":24,"column":58}},"15":{"start":{"line":25,"column":12},"end":{"line":25,"column":71}},"16":{"start":{"line":30,"column":61},"end":{"line":30,"column":69}},"17":{"start":{"line":31,"column":8},"end":{"line":40,"column":9}},"18":{"start":{"line":32,"column":27},"end":{"line":32,"column":89}},"19":{"start":{"line":33,"column":12},"end":{"line":35,"column":13}},"20":{"start":{"line":34,"column":16},"end":{"line":34,"column":40}},"21":{"start":{"line":36,"column":12},"end":{"line":36,"column":41}},"22":{"start":{"line":38,"column":12},"end":{"line":38,"column":71}},"23":{"start":{"line":39,"column":12},"end":{"line":39,"column":71}},"24":{"start":{"line":44,"column":0},"end":{"line":44,"column":32}}},"fnMap":{"0":{"name":"(anonymous_0)","decl":{"start":{"line":4,"column":24},"end":{"line":4,"column":25}},"loc":{"start":{"line":4,"column":44},"end":{"line":13,"column":5}},"line":4},"1":{"name":"(anonymous_1)","decl":{"start":{"line":15,"column":17},"end":{"line":15,"column":18}},"loc":{"start":{"line":15,"column":37},"end":{"line":27,"column":5}},"line":15},"2":{"name":"(anonymous_2)","decl":{"start":{"line":29,"column":20},"end":{"line":29,"column":21}},"loc":{"start":{"line":29,"column":40},"end":{"line":41,"column":5}},"line":29}},"branchMap":{"0":{"loc":{"start":{"line":19,"column":12},"end":{"line":21,"column":13}},"type":"if","locations":[{"start":{"line":19,"column":12},"end":{"line":21,"column":13}},{"start":{},"end":{}}],"line":19},"1":{"loc":{"start":{"line":33,"column":12},"end":{"line":35,"column":13}},"type":"if","locations":[{"start":{"line":33,"column":12},"end":{"line":35,"column":13}},{"start":{},"end":{}}],"line":33}},"s":{"0":1,"1":1,"2":2,"3":2,"4":2,"5":2,"6":0,"7":0,"8":0,"9":0,"10":0,"11":0,"12":0,"13":0,"14":0,"15":0,"16":0,"17":0,"18":0,"19":0,"20":0,"21":0,"22":0,"23":0,"24":1},"f":{"0":2,"1":0,"2":0},"b":{"0":[0,0],"1":[0,0]},"_coverageSchema":"1a1c01bbd47fc00a2c39e90264f33305004495a9","hash":"d73507fcf78b04df65c4f96d336a91cdc7f11331"}
,"D:\\apps\\hackathon\\seatSelection\\src\\models\\prismaClient.js": {"path":"D:\\apps\\hackathon\\seatSelection\\src\\models\\prismaClient.js","statementMap":{"0":{"start":{"line":1,"column":25},"end":{"line":1,"column":50}},"1":{"start":{"line":3,"column":15},"end":{"line":3,"column":33}},"2":{"start":{"line":5,"column":0},"end":{"line":5,"column":24}}},"fnMap":{},"branchMap":{},"s":{"0":1,"1":1,"2":1},"f":{},"b":{},"_coverageSchema":"1a1c01bbd47fc00a2c39e90264f33305004495a9","hash":"30fdc6844da28e2d8cf5d2f967c468c952b9e3ca"}
,"D:\\apps\\hackathon\\seatSelection\\src\\routes\\seatRoutes.js": {"path":"D:\\apps\\hackathon\\seatSelection\\src\\routes\\seatRoutes.js","statementMap":{"0":{"start":{"line":1,"column":16},"end":{"line":1,"column":34}},"1":{"start":{"line":2,"column":23},"end":{"line":2,"column":63}},"2":{"start":{"line":4,"column":15},"end":{"line":4,"column":31}},"3":{"start":{"line":51,"column":0},"end":{"line":51,"column":65}},"4":{"start":{"line":86,"column":0},"end":{"line":86,"column":58}},"5":{"start":{"line":121,"column":0},"end":{"line":121,"column":61}},"6":{"start":{"line":122,"column":0},"end":{"line":122,"column":24}}},"fnMap":{},"branchMap":{},"s":{"0":1,"1":1,"2":1,"3":1,"4":1,"5":1,"6":1},"f":{},"b":{},"_coverageSchema":"1a1c01bbd47fc00a2c39e90264f33305004495a9","hash":"5a1f1159a183500b93d6a0261af9a0c163bdebdd"}
,"D:\\apps\\hackathon\\seatSelection\\src\\services\\seatService.js": {"path":"D:\\apps\\hackathon\\seatSelection\\src\\services\\seatService.js","statementMap":{"0":{"start":{"line":1,"column":15},"end":{"line":1,"column":48}},"1":{"start":{"line":2,"column":14},"end":{"line":2,"column":32}},"2":{"start":{"line":4,"column":14},"end":{"line":4,"column":25}},"3":{"start":{"line":6,"column":26},"end":{"line":16,"column":1}},"4":{"start":{"line":8,"column":18},"end":{"line":13,"column":6}},"5":{"start":{"line":14,"column":4},"end":{"line":14,"column":32}},"6":{"start":{"line":15,"column":4},"end":{"line":15,"column":17}},"7":{"start":{"line":18,"column":20},"end":{"line":31,"column":1}},"8":{"start":{"line":20,"column":20},"end":{"line":20,"column":71}},"9":{"start":{"line":21,"column":4},"end":{"line":21,"column":36}},"10":{"start":{"line":22,"column":4},"end":{"line":22,"column":26}},"11":{"start":{"line":24,"column":21},"end":{"line":24,"column":70}},"12":{"start":{"line":26,"column":4},"end":{"line":28,"column":5}},"13":{"start":{"line":27,"column":8},"end":{"line":27,"column":88}},"14":{"start":{"line":30,"column":4},"end":{"line":30,"column":84}},"15":{"start":{"line":33,"column":23},"end":{"line":62,"column":1}},"16":{"start":{"line":35,"column":20},"end":{"line":35,"column":71}},"17":{"start":{"line":36,"column":18},"end":{"line":36,"column":42}},"18":{"start":{"line":37,"column":4},"end":{"line":37,"column":32}},"19":{"start":{"line":38,"column":4},"end":{"line":38,"column":34}},"20":{"start":{"line":39,"column":4},"end":{"line":59,"column":5}},"21":{"start":{"line":40,"column":8},"end":{"line":40,"column":37}},"22":{"start":{"line":42,"column":8},"end":{"line":53,"column":11}},"23":{"start":{"line":56,"column":8},"end":{"line":56,"column":33}},"24":{"start":{"line":58,"column":8},"end":{"line":58,"column":73}},"25":{"start":{"line":61,"column":4},"end":{"line":61,"column":108}},"26":{"start":{"line":64,"column":0},"end":{"line":64,"column":68}}},"fnMap":{"0":{"name":"(anonymous_0)","decl":{"start":{"line":6,"column":26},"end":{"line":6,"column":27}},"loc":{"start":{"line":6,"column":45},"end":{"line":16,"column":1}},"line":6},"1":{"name":"(anonymous_1)","decl":{"start":{"line":18,"column":20},"end":{"line":18,"column":21}},"loc":{"start":{"line":18,"column":72},"end":{"line":31,"column":1}},"line":18},"2":{"name":"(anonymous_2)","decl":{"start":{"line":33,"column":23},"end":{"line":33,"column":24}},"loc":{"start":{"line":33,"column":74},"end":{"line":62,"column":1}},"line":33}},"branchMap":{"0":{"loc":{"start":{"line":26,"column":4},"end":{"line":28,"column":5}},"type":"if","locations":[{"start":{"line":26,"column":4},"end":{"line":28,"column":5}},{"start":{},"end":{}}],"line":26},"1":{"loc":{"start":{"line":39,"column":4},"end":{"line":59,"column":5}},"type":"if","locations":[{"start":{"line":39,"column":4},"end":{"line":59,"column":5}},{"start":{},"end":{}}],"line":39}},"s":{"0":1,"1":1,"2":1,"3":1,"4":2,"5":2,"6":2,"7":1,"8":0,"9":0,"10":0,"11":0,"12":0,"13":0,"14":0,"15":1,"16":0,"17":0,"18":0,"19":0,"20":0,"21":0,"22":0,"23":0,"24":0,"25":0,"26":1},"f":{"0":2,"1":0,"2":0},"b":{"0":[0,0],"1":[0,0]},"_coverageSchema":"1a1c01bbd47fc00a2c39e90264f33305004495a9","hash":"a4b96431b24b02943adb591106148574099d76f4"}
}
